{
  "/Users/fede/code/grupoafal/frontend-helpers/javascript/src/controllers/chart-controller.js": {
    "path": "/Users/fede/code/grupoafal/frontend-helpers/javascript/src/controllers/chart-controller.js",
    "statementMap": {
      "0": {
        "start": {
          "line": 26,
          "column": 35
        },
        "end": {
          "line": 26,
          "column": 60
        }
      },
      "1": {
        "start": {
          "line": 27,
          "column": 31
        },
        "end": {
          "line": 27,
          "column": 55
        }
      },
      "2": {
        "start": {
          "line": 29,
          "column": 22
        },
        "end": {
          "line": 29,
          "column": 43
        }
      },
      "3": {
        "start": {
          "line": 30,
          "column": 17
        },
        "end": {
          "line": 30,
          "column": 50
        }
      },
      "4": {
        "start": {
          "line": 31,
          "column": 22
        },
        "end": {
          "line": 31,
          "column": 37
        }
      },
      "5": {
        "start": {
          "line": 33,
          "column": 4
        },
        "end": {
          "line": 33,
          "column": 62
        }
      }
    },
    "fnMap": {
      "0": {
        "name": "(anonymous_0)",
        "decl": {
          "start": {
            "line": 25,
            "column": 2
          },
          "end": {
            "line": 25,
            "column": 3
          }
        },
        "loc": {
          "start": {
            "line": 25,
            "column": 19
          },
          "end": {
            "line": 34,
            "column": 3
          }
        },
        "line": 25
      }
    },
    "branchMap": {},
    "s": {
      "0": 0,
      "1": 0,
      "2": 0,
      "3": 0,
      "4": 0,
      "5": 0
    },
    "f": {
      "0": 0
    },
    "b": {},
    "_coverageSchema": "1a1c01bbd47fc00a2c39e90264f33305004495a9",
    "hash": "753496b1f40830b48f8d9c20ce6cc1aedd70b34e"
  },
  "/Users/fede/code/grupoafal/frontend-helpers/javascript/src/utils/formatters.js": {
    "path": "/Users/fede/code/grupoafal/frontend-helpers/javascript/src/utils/formatters.js",
    "statementMap": {
      "0": {
        "start": {
          "line": 1,
          "column": 15
        },
        "end": {
          "line": 1,
          "column": 22
        }
      },
      "1": {
        "start": {
          "line": 2,
          "column": 17
        },
        "end": {
          "line": 2,
          "column": 22
        }
      },
      "2": {
        "start": {
          "line": 4,
          "column": 30
        },
        "end": {
          "line": 8,
          "column": 1
        }
      },
      "3": {
        "start": {
          "line": 5,
          "column": 2
        },
        "end": {
          "line": 7,
          "column": 3
        }
      },
      "4": {
        "start": {
          "line": 10,
          "column": 29
        },
        "end": {
          "line": 15,
          "column": 1
        }
      },
      "5": {
        "start": {
          "line": 11,
          "column": 2
        },
        "end": {
          "line": 14,
          "column": 19
        }
      },
      "6": {
        "start": {
          "line": 17,
          "column": 23
        },
        "end": {
          "line": 19,
          "column": 1
        }
      },
      "7": {
        "start": {
          "line": 18,
          "column": 2
        },
        "end": {
          "line": 18,
          "column": 73
        }
      },
      "8": {
        "start": {
          "line": 21,
          "column": 21
        },
        "end": {
          "line": 23,
          "column": 1
        }
      },
      "9": {
        "start": {
          "line": 22,
          "column": 2
        },
        "end": {
          "line": 22,
          "column": 71
        }
      },
      "10": {
        "start": {
          "line": 25,
          "column": 22
        },
        "end": {
          "line": 28,
          "column": 1
        }
      },
      "11": {
        "start": {
          "line": 26,
          "column": 2
        },
        "end": {
          "line": 26,
          "column": 57
        }
      },
      "12": {
        "start": {
          "line": 26,
          "column": 45
        },
        "end": {
          "line": 26,
          "column": 57
        }
      },
      "13": {
        "start": {
          "line": 27,
          "column": 2
        },
        "end": {
          "line": 27,
          "column": 25
        }
      },
      "14": {
        "start": {
          "line": 30,
          "column": 25
        },
        "end": {
          "line": 35,
          "column": 1
        }
      },
      "15": {
        "start": {
          "line": 31,
          "column": 2
        },
        "end": {
          "line": 34,
          "column": 8
        }
      },
      "16": {
        "start": {
          "line": 32,
          "column": 4
        },
        "end": {
          "line": 32,
          "column": 23
        }
      },
      "17": {
        "start": {
          "line": 33,
          "column": 4
        },
        "end": {
          "line": 33,
          "column": 14
        }
      }
    },
    "fnMap": {
      "0": {
        "name": "(anonymous_0)",
        "decl": {
          "start": {
            "line": 4,
            "column": 30
          },
          "end": {
            "line": 4,
            "column": 31
          }
        },
        "loc": {
          "start": {
            "line": 4,
            "column": 40
          },
          "end": {
            "line": 8,
            "column": 1
          }
        },
        "line": 4
      },
      "1": {
        "name": "(anonymous_1)",
        "decl": {
          "start": {
            "line": 10,
            "column": 29
          },
          "end": {
            "line": 10,
            "column": 30
          }
        },
        "loc": {
          "start": {
            "line": 10,
            "column": 39
          },
          "end": {
            "line": 15,
            "column": 1
          }
        },
        "line": 10
      },
      "2": {
        "name": "(anonymous_2)",
        "decl": {
          "start": {
            "line": 17,
            "column": 23
          },
          "end": {
            "line": 17,
            "column": 24
          }
        },
        "loc": {
          "start": {
            "line": 17,
            "column": 33
          },
          "end": {
            "line": 19,
            "column": 1
          }
        },
        "line": 17
      },
      "3": {
        "name": "(anonymous_3)",
        "decl": {
          "start": {
            "line": 21,
            "column": 21
          },
          "end": {
            "line": 21,
            "column": 22
          }
        },
        "loc": {
          "start": {
            "line": 21,
            "column": 31
          },
          "end": {
            "line": 23,
            "column": 1
          }
        },
        "line": 21
      },
      "4": {
        "name": "(anonymous_4)",
        "decl": {
          "start": {
            "line": 25,
            "column": 22
          },
          "end": {
            "line": 25,
            "column": 23
          }
        },
        "loc": {
          "start": {
            "line": 25,
            "column": 33
          },
          "end": {
            "line": 28,
            "column": 1
          }
        },
        "line": 25
      },
      "5": {
        "name": "(anonymous_5)",
        "decl": {
          "start": {
            "line": 30,
            "column": 25
          },
          "end": {
            "line": 30,
            "column": 26
          }
        },
        "loc": {
          "start": {
            "line": 30,
            "column": 34
          },
          "end": {
            "line": 35,
            "column": 1
          }
        },
        "line": 30
      },
      "6": {
        "name": "(anonymous_6)",
        "decl": {
          "start": {
            "line": 31,
            "column": 22
          },
          "end": {
            "line": 31,
            "column": 23
          }
        },
        "loc": {
          "start": {
            "line": 31,
            "column": 37
          },
          "end": {
            "line": 34,
            "column": 3
          }
        },
        "line": 31
      }
    },
    "branchMap": {
      "0": {
        "loc": {
          "start": {
            "line": 18,
            "column": 20
          },
          "end": {
            "line": 18,
            "column": 72
          }
        },
        "type": "cond-expr",
        "locations": [
          {
            "start": {
              "line": 18,
              "column": 42
            },
            "end": {
              "line": 18,
              "column": 45
            }
          },
          {
            "start": {
              "line": 18,
              "column": 48
            },
            "end": {
              "line": 18,
              "column": 72
            }
          }
        ],
        "line": 18
      },
      "1": {
        "loc": {
          "start": {
            "line": 22,
            "column": 18
          },
          "end": {
            "line": 22,
            "column": 70
          }
        },
        "type": "cond-expr",
        "locations": [
          {
            "start": {
              "line": 22,
              "column": 40
            },
            "end": {
              "line": 22,
              "column": 43
            }
          },
          {
            "start": {
              "line": 22,
              "column": 46
            },
            "end": {
              "line": 22,
              "column": 70
            }
          }
        ],
        "line": 22
      },
      "2": {
        "loc": {
          "start": {
            "line": 26,
            "column": 2
          },
          "end": {
            "line": 26,
            "column": 57
          }
        },
        "type": "if",
        "locations": [
          {
            "start": {
              "line": 26,
              "column": 2
            },
            "end": {
              "line": 26,
              "column": 57
            }
          },
          {
            "start": {
              "line": 26,
              "column": 2
            },
            "end": {
              "line": 26,
              "column": 57
            }
          }
        ],
        "line": 26
      }
    },
    "s": {
      "0": 19,
      "1": 19,
      "2": 19,
      "3": 0,
      "4": 19,
      "5": 0,
      "6": 19,
      "7": 0,
      "8": 19,
      "9": 0,
      "10": 19,
      "11": 0,
      "12": 0,
      "13": 0,
      "14": 19,
      "15": 0,
      "16": 0,
      "17": 0
    },
    "f": {
      "0": 0,
      "1": 0,
      "2": 0,
      "3": 0,
      "4": 0,
      "5": 0,
      "6": 0
    },
    "b": {
      "0": [
        0,
        0
      ],
      "1": [
        0,
        0
      ],
      "2": [
        0,
        0
      ]
    },
    "_coverageSchema": "1a1c01bbd47fc00a2c39e90264f33305004495a9",
    "hash": "ffa1b42a78625d6a49a9686c4da802a47a92a2c8"
  },
  "/Users/fede/code/grupoafal/frontend-helpers/javascript/src/controllers/datepicker-controller.js": {
    "path": "/Users/fede/code/grupoafal/frontend-helpers/javascript/src/controllers/datepicker-controller.js",
    "statementMap": {
      "0": {
        "start": {
          "line": 15,
          "column": 35
        },
        "end": {
          "line": 15,
          "column": 60
        }
      },
      "1": {
        "start": {
          "line": 17,
          "column": 23
        },
        "end": {
          "line": 17,
          "column": 58
        }
      },
      "2": {
        "start": {
          "line": 18,
          "column": 23
        },
        "end": {
          "line": 18,
          "column": 58
        }
      },
      "3": {
        "start": {
          "line": 23,
          "column": 4
        },
        "end": {
          "line": 29,
          "column": 5
        }
      },
      "4": {
        "start": {
          "line": 24,
          "column": 6
        },
        "end": {
          "line": 24,
          "column": 25
        }
      },
      "5": {
        "start": {
          "line": 25,
          "column": 6
        },
        "end": {
          "line": 25,
          "column": 30
        }
      },
      "6": {
        "start": {
          "line": 27,
          "column": 6
        },
        "end": {
          "line": 27,
          "column": 56
        }
      },
      "7": {
        "start": {
          "line": 28,
          "column": 6
        },
        "end": {
          "line": 28,
          "column": 53
        }
      },
      "8": {
        "start": {
          "line": 32,
          "column": 6
        },
        "end": {
          "line": 34,
          "column": 45
        }
      },
      "9": {
        "start": {
          "line": 36,
          "column": 4
        },
        "end": {
          "line": 42,
          "column": 6
        }
      },
      "10": {
        "start": {
          "line": 46,
          "column": 4
        },
        "end": {
          "line": 46,
          "column": 26
        }
      },
      "11": {
        "start": {
          "line": 50,
          "column": 4
        },
        "end": {
          "line": 50,
          "column": 28
        }
      }
    },
    "fnMap": {
      "0": {
        "name": "(anonymous_0)",
        "decl": {
          "start": {
            "line": 14,
            "column": 2
          },
          "end": {
            "line": 14,
            "column": 3
          }
        },
        "loc": {
          "start": {
            "line": 14,
            "column": 19
          },
          "end": {
            "line": 43,
            "column": 3
          }
        },
        "line": 14
      },
      "1": {
        "name": "(anonymous_1)",
        "decl": {
          "start": {
            "line": 45,
            "column": 2
          },
          "end": {
            "line": 45,
            "column": 3
          }
        },
        "loc": {
          "start": {
            "line": 45,
            "column": 11
          },
          "end": {
            "line": 47,
            "column": 3
          }
        },
        "line": 45
      },
      "2": {
        "name": "(anonymous_2)",
        "decl": {
          "start": {
            "line": 49,
            "column": 2
          },
          "end": {
            "line": 49,
            "column": 3
          }
        },
        "loc": {
          "start": {
            "line": 49,
            "column": 16
          },
          "end": {
            "line": 51,
            "column": 3
          }
        },
        "line": 49
      }
    },
    "branchMap": {
      "0": {
        "loc": {
          "start": {
            "line": 23,
            "column": 4
          },
          "end": {
            "line": 29,
            "column": 5
          }
        },
        "type": "if",
        "locations": [
          {
            "start": {
              "line": 23,
              "column": 4
            },
            "end": {
              "line": 29,
              "column": 5
            }
          },
          {
            "start": {
              "line": 23,
              "column": 4
            },
            "end": {
              "line": 29,
              "column": 5
            }
          }
        ],
        "line": 23
      },
      "1": {
        "loc": {
          "start": {
            "line": 27,
            "column": 18
          },
          "end": {
            "line": 27,
            "column": 56
          }
        },
        "type": "cond-expr",
        "locations": [
          {
            "start": {
              "line": 27,
              "column": 31
            },
            "end": {
              "line": 27,
              "column": 45
            }
          },
          {
            "start": {
              "line": 27,
              "column": 48
            },
            "end": {
              "line": 27,
              "column": 56
            }
          }
        ],
        "line": 27
      },
      "2": {
        "loc": {
          "start": {
            "line": 28,
            "column": 19
          },
          "end": {
            "line": 28,
            "column": 53
          }
        },
        "type": "cond-expr",
        "locations": [
          {
            "start": {
              "line": 28,
              "column": 32
            },
            "end": {
              "line": 28,
              "column": 43
            }
          },
          {
            "start": {
              "line": 28,
              "column": 46
            },
            "end": {
              "line": 28,
              "column": 53
            }
          }
        ],
        "line": 28
      },
      "3": {
        "loc": {
          "start": {
            "line": 32,
            "column": 6
          },
          "end": {
            "line": 34,
            "column": 45
          }
        },
        "type": "cond-expr",
        "locations": [
          {
            "start": {
              "line": 33,
              "column": 10
            },
            "end": {
              "line": 33,
              "column": 22
            }
          },
          {
            "start": {
              "line": 34,
              "column": 10
            },
            "end": {
              "line": 34,
              "column": 45
            }
          }
        ],
        "line": 32
      }
    },
    "s": {
      "0": 0,
      "1": 0,
      "2": 0,
      "3": 0,
      "4": 0,
      "5": 0,
      "6": 0,
      "7": 0,
      "8": 0,
      "9": 0,
      "10": 0,
      "11": 0
    },
    "f": {
      "0": 0,
      "1": 0,
      "2": 0
    },
    "b": {
      "0": [
        0,
        0
      ],
      "1": [
        0,
        0
      ],
      "2": [
        0,
        0
      ],
      "3": [
        0,
        0
      ]
    },
    "_coverageSchema": "1a1c01bbd47fc00a2c39e90264f33305004495a9",
    "hash": "931623fe4aba715aab5b58b765c9384368f69c4f"
  },
  "/Users/fede/code/grupoafal/frontend-helpers/javascript/src/controllers/dropdown-controller.js": {
    "path": "/Users/fede/code/grupoafal/frontend-helpers/javascript/src/controllers/dropdown-controller.js",
    "statementMap": {
      "0": {
        "start": {
          "line": 27,
          "column": 4
        },
        "end": {
          "line": 27,
          "column": 59
        }
      },
      "1": {
        "start": {
          "line": 31,
          "column": 4
        },
        "end": {
          "line": 31,
          "column": 62
        }
      },
      "2": {
        "start": {
          "line": 35,
          "column": 4
        },
        "end": {
          "line": 35,
          "column": 23
        }
      },
      "3": {
        "start": {
          "line": 36,
          "column": 4
        },
        "end": {
          "line": 36,
          "column": 22
        }
      },
      "4": {
        "start": {
          "line": 37,
          "column": 4
        },
        "end": {
          "line": 37,
          "column": 46
        }
      },
      "5": {
        "start": {
          "line": 40,
          "column": 19
        },
        "end": {
          "line": 42,
          "column": 3
        }
      },
      "6": {
        "start": {
          "line": 41,
          "column": 4
        },
        "end": {
          "line": 41,
          "column": 46
        }
      }
    },
    "fnMap": {
      "0": {
        "name": "(anonymous_0)",
        "decl": {
          "start": {
            "line": 26,
            "column": 2
          },
          "end": {
            "line": 26,
            "column": 3
          }
        },
        "loc": {
          "start": {
            "line": 26,
            "column": 13
          },
          "end": {
            "line": 28,
            "column": 3
          }
        },
        "line": 26
      },
      "1": {
        "name": "(anonymous_1)",
        "decl": {
          "start": {
            "line": 30,
            "column": 2
          },
          "end": {
            "line": 30,
            "column": 3
          }
        },
        "loc": {
          "start": {
            "line": 30,
            "column": 16
          },
          "end": {
            "line": 32,
            "column": 3
          }
        },
        "line": 30
      },
      "2": {
        "name": "(anonymous_2)",
        "decl": {
          "start": {
            "line": 34,
            "column": 2
          },
          "end": {
            "line": 34,
            "column": 3
          }
        },
        "loc": {
          "start": {
            "line": 34,
            "column": 17
          },
          "end": {
            "line": 38,
            "column": 3
          }
        },
        "line": 34
      },
      "3": {
        "name": "(anonymous_3)",
        "decl": {
          "start": {
            "line": 40,
            "column": 19
          },
          "end": {
            "line": 40,
            "column": 20
          }
        },
        "loc": {
          "start": {
            "line": 40,
            "column": 25
          },
          "end": {
            "line": 42,
            "column": 3
          }
        },
        "line": 40
      }
    },
    "branchMap": {},
    "s": {
      "0": 0,
      "1": 0,
      "2": 0,
      "3": 0,
      "4": 0,
      "5": 0,
      "6": 0
    },
    "f": {
      "0": 0,
      "1": 0,
      "2": 0,
      "3": 0
    },
    "b": {},
    "_coverageSchema": "1a1c01bbd47fc00a2c39e90264f33305004495a9",
    "hash": "a50e96c57a0d2cb2722a609a7488ebdcedb4848e"
  },
  "/Users/fede/code/grupoafal/frontend-helpers/javascript/src/utils/domHelpers.js": {
    "path": "/Users/fede/code/grupoafal/frontend-helpers/javascript/src/utils/domHelpers.js",
    "statementMap": {
      "0": {
        "start": {
          "line": 1,
          "column": 33
        },
        "end": {
          "line": 4,
          "column": 1
        }
      },
      "1": {
        "start": {
          "line": 2,
          "column": 25
        },
        "end": {
          "line": 2,
          "column": 72
        }
      },
      "2": {
        "start": {
          "line": 3,
          "column": 2
        },
        "end": {
          "line": 3,
          "column": 40
        }
      },
      "3": {
        "start": {
          "line": 6,
          "column": 31
        },
        "end": {
          "line": 10,
          "column": 1
        }
      },
      "4": {
        "start": {
          "line": 7,
          "column": 19
        },
        "end": {
          "line": 7,
          "column": 53
        }
      },
      "5": {
        "start": {
          "line": 8,
          "column": 2
        },
        "end": {
          "line": 8,
          "column": 33
        }
      },
      "6": {
        "start": {
          "line": 9,
          "column": 2
        },
        "end": {
          "line": 9,
          "column": 25
        }
      },
      "7": {
        "start": {
          "line": 18,
          "column": 30
        },
        "end": {
          "line": 21,
          "column": 1
        }
      },
      "8": {
        "start": {
          "line": 19,
          "column": 18
        },
        "end": {
          "line": 19,
          "column": 45
        }
      },
      "9": {
        "start": {
          "line": 20,
          "column": 2
        },
        "end": {
          "line": 20,
          "column": 51
        }
      },
      "10": {
        "start": {
          "line": 23,
          "column": 43
        },
        "end": {
          "line": 34,
          "column": 1
        }
      },
      "11": {
        "start": {
          "line": 24,
          "column": 22
        },
        "end": {
          "line": 27,
          "column": 3
        }
      },
      "12": {
        "start": {
          "line": 25,
          "column": 4
        },
        "end": {
          "line": 25,
          "column": 39
        }
      },
      "13": {
        "start": {
          "line": 25,
          "column": 33
        },
        "end": {
          "line": 25,
          "column": 39
        }
      },
      "14": {
        "start": {
          "line": 26,
          "column": 4
        },
        "end": {
          "line": 26,
          "column": 18
        }
      },
      "15": {
        "start": {
          "line": 29,
          "column": 2
        },
        "end": {
          "line": 29,
          "column": 57
        }
      },
      "16": {
        "start": {
          "line": 30,
          "column": 2
        },
        "end": {
          "line": 30,
          "column": 60
        }
      },
      "17": {
        "start": {
          "line": 31,
          "column": 2
        },
        "end": {
          "line": 31,
          "column": 58
        }
      },
      "18": {
        "start": {
          "line": 33,
          "column": 2
        },
        "end": {
          "line": 33,
          "column": 17
        }
      },
      "19": {
        "start": {
          "line": 36,
          "column": 31
        },
        "end": {
          "line": 46,
          "column": 1
        }
      },
      "20": {
        "start": {
          "line": 37,
          "column": 24
        },
        "end": {
          "line": 37,
          "column": 54
        }
      },
      "21": {
        "start": {
          "line": 38,
          "column": 2
        },
        "end": {
          "line": 38,
          "column": 35
        }
      },
      "22": {
        "start": {
          "line": 38,
          "column": 24
        },
        "end": {
          "line": 38,
          "column": 35
        }
      },
      "23": {
        "start": {
          "line": 40,
          "column": 2
        },
        "end": {
          "line": 43,
          "column": 3
        }
      },
      "24": {
        "start": {
          "line": 41,
          "column": 4
        },
        "end": {
          "line": 41,
          "column": 60
        }
      },
      "25": {
        "start": {
          "line": 42,
          "column": 4
        },
        "end": {
          "line": 42,
          "column": 37
        }
      },
      "26": {
        "start": {
          "line": 42,
          "column": 26
        },
        "end": {
          "line": 42,
          "column": 37
        }
      },
      "27": {
        "start": {
          "line": 45,
          "column": 2
        },
        "end": {
          "line": 45,
          "column": 24
        }
      },
      "28": {
        "start": {
          "line": 48,
          "column": 27
        },
        "end": {
          "line": 58,
          "column": 1
        }
      },
      "29": {
        "start": {
          "line": 49,
          "column": 20
        },
        "end": {
          "line": 49,
          "column": 46
        }
      },
      "30": {
        "start": {
          "line": 50,
          "column": 2
        },
        "end": {
          "line": 50,
          "column": 31
        }
      },
      "31": {
        "start": {
          "line": 50,
          "column": 20
        },
        "end": {
          "line": 50,
          "column": 31
        }
      },
      "32": {
        "start": {
          "line": 52,
          "column": 2
        },
        "end": {
          "line": 55,
          "column": 3
        }
      },
      "33": {
        "start": {
          "line": 53,
          "column": 4
        },
        "end": {
          "line": 53,
          "column": 48
        }
      },
      "34": {
        "start": {
          "line": 54,
          "column": 4
        },
        "end": {
          "line": 54,
          "column": 33
        }
      },
      "35": {
        "start": {
          "line": 54,
          "column": 22
        },
        "end": {
          "line": 54,
          "column": 33
        }
      },
      "36": {
        "start": {
          "line": 57,
          "column": 2
        },
        "end": {
          "line": 57,
          "column": 20
        }
      }
    },
    "fnMap": {
      "0": {
        "name": "(anonymous_0)",
        "decl": {
          "start": {
            "line": 1,
            "column": 33
          },
          "end": {
            "line": 1,
            "column": 34
          }
        },
        "loc": {
          "start": {
            "line": 1,
            "column": 68
          },
          "end": {
            "line": 4,
            "column": 1
          }
        },
        "line": 1
      },
      "1": {
        "name": "(anonymous_1)",
        "decl": {
          "start": {
            "line": 6,
            "column": 31
          },
          "end": {
            "line": 6,
            "column": 32
          }
        },
        "loc": {
          "start": {
            "line": 6,
            "column": 45
          },
          "end": {
            "line": 10,
            "column": 1
          }
        },
        "line": 6
      },
      "2": {
        "name": "(anonymous_2)",
        "decl": {
          "start": {
            "line": 18,
            "column": 30
          },
          "end": {
            "line": 18,
            "column": 31
          }
        },
        "loc": {
          "start": {
            "line": 18,
            "column": 55
          },
          "end": {
            "line": 21,
            "column": 1
          }
        },
        "line": 18
      },
      "3": {
        "name": "(anonymous_3)",
        "decl": {
          "start": {
            "line": 23,
            "column": 43
          },
          "end": {
            "line": 23,
            "column": 44
          }
        },
        "loc": {
          "start": {
            "line": 23,
            "column": 55
          },
          "end": {
            "line": 34,
            "column": 1
          }
        },
        "line": 23
      },
      "4": {
        "name": "(anonymous_4)",
        "decl": {
          "start": {
            "line": 24,
            "column": 22
          },
          "end": {
            "line": 24,
            "column": 23
          }
        },
        "loc": {
          "start": {
            "line": 24,
            "column": 31
          },
          "end": {
            "line": 27,
            "column": 3
          }
        },
        "line": 24
      },
      "5": {
        "name": "(anonymous_5)",
        "decl": {
          "start": {
            "line": 36,
            "column": 31
          },
          "end": {
            "line": 36,
            "column": 32
          }
        },
        "loc": {
          "start": {
            "line": 36,
            "column": 54
          },
          "end": {
            "line": 46,
            "column": 1
          }
        },
        "line": 36
      },
      "6": {
        "name": "(anonymous_6)",
        "decl": {
          "start": {
            "line": 48,
            "column": 27
          },
          "end": {
            "line": 48,
            "column": 28
          }
        },
        "loc": {
          "start": {
            "line": 48,
            "column": 50
          },
          "end": {
            "line": 58,
            "column": 1
          }
        },
        "line": 48
      }
    },
    "branchMap": {
      "0": {
        "loc": {
          "start": {
            "line": 25,
            "column": 4
          },
          "end": {
            "line": 25,
            "column": 39
          }
        },
        "type": "if",
        "locations": [
          {
            "start": {
              "line": 25,
              "column": 4
            },
            "end": {
              "line": 25,
              "column": 39
            }
          },
          {
            "start": {
              "line": 25,
              "column": 4
            },
            "end": {
              "line": 25,
              "column": 39
            }
          }
        ],
        "line": 25
      },
      "1": {
        "loc": {
          "start": {
            "line": 38,
            "column": 2
          },
          "end": {
            "line": 38,
            "column": 35
          }
        },
        "type": "if",
        "locations": [
          {
            "start": {
              "line": 38,
              "column": 2
            },
            "end": {
              "line": 38,
              "column": 35
            }
          },
          {
            "start": {
              "line": 38,
              "column": 2
            },
            "end": {
              "line": 38,
              "column": 35
            }
          }
        ],
        "line": 38
      },
      "2": {
        "loc": {
          "start": {
            "line": 42,
            "column": 4
          },
          "end": {
            "line": 42,
            "column": 37
          }
        },
        "type": "if",
        "locations": [
          {
            "start": {
              "line": 42,
              "column": 4
            },
            "end": {
              "line": 42,
              "column": 37
            }
          },
          {
            "start": {
              "line": 42,
              "column": 4
            },
            "end": {
              "line": 42,
              "column": 37
            }
          }
        ],
        "line": 42
      },
      "3": {
        "loc": {
          "start": {
            "line": 50,
            "column": 2
          },
          "end": {
            "line": 50,
            "column": 31
          }
        },
        "type": "if",
        "locations": [
          {
            "start": {
              "line": 50,
              "column": 2
            },
            "end": {
              "line": 50,
              "column": 31
            }
          },
          {
            "start": {
              "line": 50,
              "column": 2
            },
            "end": {
              "line": 50,
              "column": 31
            }
          }
        ],
        "line": 50
      },
      "4": {
        "loc": {
          "start": {
            "line": 54,
            "column": 4
          },
          "end": {
            "line": 54,
            "column": 33
          }
        },
        "type": "if",
        "locations": [
          {
            "start": {
              "line": 54,
              "column": 4
            },
            "end": {
              "line": 54,
              "column": 33
            }
          },
          {
            "start": {
              "line": 54,
              "column": 4
            },
            "end": {
              "line": 54,
              "column": 33
            }
          }
        ],
        "line": 54
      }
    },
    "s": {
      "0": 19,
      "1": 0,
      "2": 0,
      "3": 19,
      "4": 0,
      "5": 0,
      "6": 0,
      "7": 19,
      "8": 0,
      "9": 0,
      "10": 19,
      "11": 0,
      "12": 0,
      "13": 0,
      "14": 0,
      "15": 0,
      "16": 0,
      "17": 0,
      "18": 0,
      "19": 19,
      "20": 0,
      "21": 0,
      "22": 0,
      "23": 0,
      "24": 0,
      "25": 0,
      "26": 0,
      "27": 0,
      "28": 19,
      "29": 0,
      "30": 0,
      "31": 0,
      "32": 0,
      "33": 0,
      "34": 0,
      "35": 0,
      "36": 0
    },
    "f": {
      "0": 0,
      "1": 0,
      "2": 0,
      "3": 0,
      "4": 0,
      "5": 0,
      "6": 0
    },
    "b": {
      "0": [
        0,
        0
      ],
      "1": [
        0,
        0
      ],
      "2": [
        0,
        0
      ],
      "3": [
        0,
        0
      ],
      "4": [
        0,
        0
      ]
    },
    "_coverageSchema": "1a1c01bbd47fc00a2c39e90264f33305004495a9",
    "hash": "559a6d5abc355a495b473100deff3c79ba4a7f8d"
  },
  "/Users/fede/code/grupoafal/frontend-helpers/javascript/src/controllers/hovercard-controller.js": {
    "path": "/Users/fede/code/grupoafal/frontend-helpers/javascript/src/controllers/hovercard-controller.js",
    "statementMap": {
      "0": {
        "start": {
          "line": 11,
          "column": 18
        },
        "end": {
          "line": 11,
          "column": 33
        }
      },
      "1": {
        "start": {
          "line": 14,
          "column": 4
        },
        "end": {
          "line": 14,
          "column": 69
        }
      },
      "2": {
        "start": {
          "line": 15,
          "column": 4
        },
        "end": {
          "line": 15,
          "column": 69
        }
      },
      "3": {
        "start": {
          "line": 19,
          "column": 4
        },
        "end": {
          "line": 25,
          "column": 5
        }
      },
      "4": {
        "start": {
          "line": 20,
          "column": 6
        },
        "end": {
          "line": 20,
          "column": 49
        }
      },
      "5": {
        "start": {
          "line": 22,
          "column": 6
        },
        "end": {
          "line": 24,
          "column": 49
        }
      },
      "6": {
        "start": {
          "line": 23,
          "column": 19
        },
        "end": {
          "line": 23,
          "column": 27
        }
      },
      "7": {
        "start": {
          "line": 24,
          "column": 22
        },
        "end": {
          "line": 24,
          "column": 48
        }
      },
      "8": {
        "start": {
          "line": 29,
          "column": 17
        },
        "end": {
          "line": 29,
          "column": 66
        }
      },
      "9": {
        "start": {
          "line": 30,
          "column": 4
        },
        "end": {
          "line": 30,
          "column": 42
        }
      },
      "10": {
        "start": {
          "line": 31,
          "column": 4
        },
        "end": {
          "line": 31,
          "column": 35
        }
      },
      "11": {
        "start": {
          "line": 33,
          "column": 44
        },
        "end": {
          "line": 33,
          "column": 74
        }
      },
      "12": {
        "start": {
          "line": 35,
          "column": 4
        },
        "end": {
          "line": 38,
          "column": 5
        }
      },
      "13": {
        "start": {
          "line": 42,
          "column": 17
        },
        "end": {
          "line": 42,
          "column": 53
        }
      },
      "14": {
        "start": {
          "line": 43,
          "column": 16
        },
        "end": {
          "line": 43,
          "column": 45
        }
      },
      "15": {
        "start": {
          "line": 44,
          "column": 17
        },
        "end": {
          "line": 44,
          "column": 47
        }
      },
      "16": {
        "start": {
          "line": 45,
          "column": 18
        },
        "end": {
          "line": 45,
          "column": 28
        }
      },
      "17": {
        "start": {
          "line": 46,
          "column": 4
        },
        "end": {
          "line": 46,
          "column": 31
        }
      },
      "18": {
        "start": {
          "line": 50,
          "column": 33
        },
        "end": {
          "line": 50,
          "column": 57
        }
      },
      "19": {
        "start": {
          "line": 51,
          "column": 22
        },
        "end": {
          "line": 51,
          "column": 50
        }
      },
      "20": {
        "start": {
          "line": 52,
          "column": 25
        },
        "end": {
          "line": 52,
          "column": 52
        }
      },
      "21": {
        "start": {
          "line": 53,
          "column": 26
        },
        "end": {
          "line": 53,
          "column": 64
        }
      },
      "22": {
        "start": {
          "line": 54,
          "column": 4
        },
        "end": {
          "line": 54,
          "column": 42
        }
      },
      "23": {
        "start": {
          "line": 58,
          "column": 4
        },
        "end": {
          "line": 58,
          "column": 58
        }
      },
      "24": {
        "start": {
          "line": 59,
          "column": 4
        },
        "end": {
          "line": 61,
          "column": 5
        }
      },
      "25": {
        "start": {
          "line": 60,
          "column": 6
        },
        "end": {
          "line": 60,
          "column": 46
        }
      },
      "26": {
        "start": {
          "line": 65,
          "column": 4
        },
        "end": {
          "line": 67,
          "column": 5
        }
      },
      "27": {
        "start": {
          "line": 66,
          "column": 6
        },
        "end": {
          "line": 66,
          "column": 28
        }
      }
    },
    "fnMap": {
      "0": {
        "name": "(anonymous_0)",
        "decl": {
          "start": {
            "line": 13,
            "column": 2
          },
          "end": {
            "line": 13,
            "column": 3
          }
        },
        "loc": {
          "start": {
            "line": 13,
            "column": 13
          },
          "end": {
            "line": 16,
            "column": 3
          }
        },
        "line": 13
      },
      "1": {
        "name": "(anonymous_1)",
        "decl": {
          "start": {
            "line": 18,
            "column": 2
          },
          "end": {
            "line": 18,
            "column": 3
          }
        },
        "loc": {
          "start": {
            "line": 18,
            "column": 10
          },
          "end": {
            "line": 26,
            "column": 3
          }
        },
        "line": 18
      },
      "2": {
        "name": "(anonymous_2)",
        "decl": {
          "start": {
            "line": 23,
            "column": 14
          },
          "end": {
            "line": 23,
            "column": 15
          }
        },
        "loc": {
          "start": {
            "line": 23,
            "column": 19
          },
          "end": {
            "line": 23,
            "column": 27
          }
        },
        "line": 23
      },
      "3": {
        "name": "(anonymous_3)",
        "decl": {
          "start": {
            "line": 24,
            "column": 14
          },
          "end": {
            "line": 24,
            "column": 15
          }
        },
        "loc": {
          "start": {
            "line": 24,
            "column": 22
          },
          "end": {
            "line": 24,
            "column": 48
          }
        },
        "line": 24
      },
      "4": {
        "name": "(anonymous_4)",
        "decl": {
          "start": {
            "line": 28,
            "column": 2
          },
          "end": {
            "line": 28,
            "column": 3
          }
        },
        "loc": {
          "start": {
            "line": 28,
            "column": 25
          },
          "end": {
            "line": 39,
            "column": 3
          }
        },
        "line": 28
      },
      "5": {
        "name": "(anonymous_5)",
        "decl": {
          "start": {
            "line": 41,
            "column": 2
          },
          "end": {
            "line": 41,
            "column": 3
          }
        },
        "loc": {
          "start": {
            "line": 41,
            "column": 23
          },
          "end": {
            "line": 47,
            "column": 3
          }
        },
        "line": 41
      },
      "6": {
        "name": "(anonymous_6)",
        "decl": {
          "start": {
            "line": 49,
            "column": 2
          },
          "end": {
            "line": 49,
            "column": 3
          }
        },
        "loc": {
          "start": {
            "line": 49,
            "column": 29
          },
          "end": {
            "line": 55,
            "column": 3
          }
        },
        "line": 49
      },
      "7": {
        "name": "(anonymous_7)",
        "decl": {
          "start": {
            "line": 57,
            "column": 2
          },
          "end": {
            "line": 57,
            "column": 3
          }
        },
        "loc": {
          "start": {
            "line": 57,
            "column": 10
          },
          "end": {
            "line": 62,
            "column": 3
          }
        },
        "line": 57
      },
      "8": {
        "name": "(anonymous_8)",
        "decl": {
          "start": {
            "line": 64,
            "column": 2
          },
          "end": {
            "line": 64,
            "column": 3
          }
        },
        "loc": {
          "start": {
            "line": 64,
            "column": 16
          },
          "end": {
            "line": 68,
            "column": 3
          }
        },
        "line": 64
      }
    },
    "branchMap": {
      "0": {
        "loc": {
          "start": {
            "line": 19,
            "column": 4
          },
          "end": {
            "line": 25,
            "column": 5
          }
        },
        "type": "if",
        "locations": [
          {
            "start": {
              "line": 19,
              "column": 4
            },
            "end": {
              "line": 25,
              "column": 5
            }
          },
          {
            "start": {
              "line": 19,
              "column": 4
            },
            "end": {
              "line": 25,
              "column": 5
            }
          }
        ],
        "line": 19
      },
      "1": {
        "loc": {
          "start": {
            "line": 59,
            "column": 4
          },
          "end": {
            "line": 61,
            "column": 5
          }
        },
        "type": "if",
        "locations": [
          {
            "start": {
              "line": 59,
              "column": 4
            },
            "end": {
              "line": 61,
              "column": 5
            }
          },
          {
            "start": {
              "line": 59,
              "column": 4
            },
            "end": {
              "line": 61,
              "column": 5
            }
          }
        ],
        "line": 59
      },
      "2": {
        "loc": {
          "start": {
            "line": 65,
            "column": 4
          },
          "end": {
            "line": 67,
            "column": 5
          }
        },
        "type": "if",
        "locations": [
          {
            "start": {
              "line": 65,
              "column": 4
            },
            "end": {
              "line": 67,
              "column": 5
            }
          },
          {
            "start": {
              "line": 65,
              "column": 4
            },
            "end": {
              "line": 67,
              "column": 5
            }
          }
        ],
        "line": 65
      }
    },
    "s": {
      "0": 19,
      "1": 0,
      "2": 0,
      "3": 0,
      "4": 0,
      "5": 0,
      "6": 0,
      "7": 0,
      "8": 0,
      "9": 0,
      "10": 0,
      "11": 0,
      "12": 0,
      "13": 0,
      "14": 0,
      "15": 0,
      "16": 0,
      "17": 0,
      "18": 0,
      "19": 0,
      "20": 0,
      "21": 0,
      "22": 0,
      "23": 0,
      "24": 0,
      "25": 0,
      "26": 0,
      "27": 0
    },
    "f": {
      "0": 0,
      "1": 0,
      "2": 0,
      "3": 0,
      "4": 0,
      "5": 0,
      "6": 0,
      "7": 0,
      "8": 0
    },
    "b": {
      "0": [
        0,
        0
      ],
      "1": [
        0,
        0
      ],
      "2": [
        0,
        0
      ]
    },
    "_coverageSchema": "1a1c01bbd47fc00a2c39e90264f33305004495a9",
    "hash": "8db0711e7ef29f4caf957e59214e66deb09abed1"
  },
  "/Users/fede/code/grupoafal/frontend-helpers/javascript/src/controllers/notification-controller.js": {
    "path": "/Users/fede/code/grupoafal/frontend-helpers/javascript/src/controllers/notification-controller.js",
    "statementMap": {
      "0": {
        "start": {
          "line": 9,
          "column": 18
        },
        "end": {
          "line": 11,
          "column": 3
        }
      },
      "1": {
        "start": {
          "line": 14,
          "column": 4
        },
        "end": {
          "line": 14,
          "column": 23
        }
      },
      "2": {
        "start": {
          "line": 15,
          "column": 4
        },
        "end": {
          "line": 15,
          "column": 59
        }
      },
      "3": {
        "start": {
          "line": 15,
          "column": 21
        },
        "end": {
          "line": 15,
          "column": 33
        }
      },
      "4": {
        "start": {
          "line": 19,
          "column": 4
        },
        "end": {
          "line": 19,
          "column": 27
        }
      },
      "5": {
        "start": {
          "line": 19,
          "column": 21
        },
        "end": {
          "line": 19,
          "column": 27
        }
      },
      "6": {
        "start": {
          "line": 20,
          "column": 4
        },
        "end": {
          "line": 20,
          "column": 25
        }
      },
      "7": {
        "start": {
          "line": 24,
          "column": 4
        },
        "end": {
          "line": 24,
          "column": 46
        }
      },
      "8": {
        "start": {
          "line": 25,
          "column": 4
        },
        "end": {
          "line": 28,
          "column": 6
        }
      },
      "9": {
        "start": {
          "line": 26,
          "column": 6
        },
        "end": {
          "line": 26,
          "column": 24
        }
      },
      "10": {
        "start": {
          "line": 27,
          "column": 6
        },
        "end": {
          "line": 27,
          "column": 27
        }
      }
    },
    "fnMap": {
      "0": {
        "name": "(anonymous_0)",
        "decl": {
          "start": {
            "line": 13,
            "column": 2
          },
          "end": {
            "line": 13,
            "column": 3
          }
        },
        "loc": {
          "start": {
            "line": 13,
            "column": 13
          },
          "end": {
            "line": 16,
            "column": 3
          }
        },
        "line": 13
      },
      "1": {
        "name": "(anonymous_1)",
        "decl": {
          "start": {
            "line": 15,
            "column": 15
          },
          "end": {
            "line": 15,
            "column": 16
          }
        },
        "loc": {
          "start": {
            "line": 15,
            "column": 21
          },
          "end": {
            "line": 15,
            "column": 33
          }
        },
        "line": 15
      },
      "2": {
        "name": "(anonymous_2)",
        "decl": {
          "start": {
            "line": 18,
            "column": 2
          },
          "end": {
            "line": 18,
            "column": 3
          }
        },
        "loc": {
          "start": {
            "line": 18,
            "column": 16
          },
          "end": {
            "line": 21,
            "column": 3
          }
        },
        "line": 18
      },
      "3": {
        "name": "(anonymous_3)",
        "decl": {
          "start": {
            "line": 23,
            "column": 2
          },
          "end": {
            "line": 23,
            "column": 3
          }
        },
        "loc": {
          "start": {
            "line": 23,
            "column": 11
          },
          "end": {
            "line": 29,
            "column": 3
          }
        },
        "line": 23
      },
      "4": {
        "name": "(anonymous_4)",
        "decl": {
          "start": {
            "line": 25,
            "column": 50
          },
          "end": {
            "line": 25,
            "column": 51
          }
        },
        "loc": {
          "start": {
            "line": 25,
            "column": 56
          },
          "end": {
            "line": 28,
            "column": 5
          }
        },
        "line": 25
      }
    },
    "branchMap": {
      "0": {
        "loc": {
          "start": {
            "line": 15,
            "column": 35
          },
          "end": {
            "line": 15,
            "column": 58
          }
        },
        "type": "binary-expr",
        "locations": [
          {
            "start": {
              "line": 15,
              "column": 35
            },
            "end": {
              "line": 15,
              "column": 50
            }
          },
          {
            "start": {
              "line": 15,
              "column": 54
            },
            "end": {
              "line": 15,
              "column": 58
            }
          }
        ],
        "line": 15
      },
      "1": {
        "loc": {
          "start": {
            "line": 19,
            "column": 4
          },
          "end": {
            "line": 19,
            "column": 27
          }
        },
        "type": "if",
        "locations": [
          {
            "start": {
              "line": 19,
              "column": 4
            },
            "end": {
              "line": 19,
              "column": 27
            }
          },
          {
            "start": {
              "line": 19,
              "column": 4
            },
            "end": {
              "line": 19,
              "column": 27
            }
          }
        ],
        "line": 19
      }
    },
    "s": {
      "0": 19,
      "1": 0,
      "2": 0,
      "3": 0,
      "4": 0,
      "5": 0,
      "6": 0,
      "7": 0,
      "8": 0,
      "9": 0,
      "10": 0
    },
    "f": {
      "0": 0,
      "1": 0,
      "2": 0,
      "3": 0,
      "4": 0
    },
    "b": {
      "0": [
        0,
        0
      ],
      "1": [
        0,
        0
      ]
    },
    "_coverageSchema": "1a1c01bbd47fc00a2c39e90264f33305004495a9",
    "hash": "2090fc81cd54c63b5e49bb5bd1a5004391bd7514"
  },
  "/Users/fede/code/grupoafal/frontend-helpers/javascript/src/controllers/tabs-controller.js": {
    "path": "/Users/fede/code/grupoafal/frontend-helpers/javascript/src/controllers/tabs-controller.js",
    "statementMap": {
      "0": {
        "start": {
          "line": 11,
          "column": 18
        },
        "end": {
          "line": 11,
          "column": 68
        }
      },
      "1": {
        "start": {
          "line": 13,
          "column": 4
        },
        "end": {
          "line": 13,
          "column": 23
        }
      },
      "2": {
        "start": {
          "line": 14,
          "column": 4
        },
        "end": {
          "line": 14,
          "column": 24
        }
      },
      "3": {
        "start": {
          "line": 18,
          "column": 24
        },
        "end": {
          "line": 18,
          "column": 77
        }
      },
      "4": {
        "start": {
          "line": 19,
          "column": 4
        },
        "end": {
          "line": 19,
          "column": 70
        }
      },
      "5": {
        "start": {
          "line": 19,
          "column": 41
        },
        "end": {
          "line": 19,
          "column": 69
        }
      },
      "6": {
        "start": {
          "line": 21,
          "column": 20
        },
        "end": {
          "line": 21,
          "column": 69
        }
      },
      "7": {
        "start": {
          "line": 22,
          "column": 4
        },
        "end": {
          "line": 22,
          "column": 69
        }
      },
      "8": {
        "start": {
          "line": 22,
          "column": 37
        },
        "end": {
          "line": 22,
          "column": 68
        }
      },
      "9": {
        "start": {
          "line": 26,
          "column": 23
        },
        "end": {
          "line": 28,
          "column": 5
        }
      },
      "10": {
        "start": {
          "line": 29,
          "column": 4
        },
        "end": {
          "line": 29,
          "column": 44
        }
      },
      "11": {
        "start": {
          "line": 31,
          "column": 18
        },
        "end": {
          "line": 31,
          "column": 75
        }
      },
      "12": {
        "start": {
          "line": 32,
          "column": 4
        },
        "end": {
          "line": 32,
          "column": 36
        }
      }
    },
    "fnMap": {
      "0": {
        "name": "(anonymous_0)",
        "decl": {
          "start": {
            "line": 10,
            "column": 2
          },
          "end": {
            "line": 10,
            "column": 3
          }
        },
        "loc": {
          "start": {
            "line": 10,
            "column": 15
          },
          "end": {
            "line": 15,
            "column": 3
          }
        },
        "line": 10
      },
      "1": {
        "name": "(anonymous_1)",
        "decl": {
          "start": {
            "line": 17,
            "column": 2
          },
          "end": {
            "line": 17,
            "column": 3
          }
        },
        "loc": {
          "start": {
            "line": 17,
            "column": 18
          },
          "end": {
            "line": 23,
            "column": 3
          }
        },
        "line": 17
      },
      "2": {
        "name": "(anonymous_2)",
        "decl": {
          "start": {
            "line": 19,
            "column": 36
          },
          "end": {
            "line": 19,
            "column": 37
          }
        },
        "loc": {
          "start": {
            "line": 19,
            "column": 41
          },
          "end": {
            "line": 19,
            "column": 69
          }
        },
        "line": 19
      },
      "3": {
        "name": "(anonymous_3)",
        "decl": {
          "start": {
            "line": 22,
            "column": 32
          },
          "end": {
            "line": 22,
            "column": 33
          }
        },
        "loc": {
          "start": {
            "line": 22,
            "column": 37
          },
          "end": {
            "line": 22,
            "column": 68
          }
        },
        "line": 22
      },
      "4": {
        "name": "(anonymous_4)",
        "decl": {
          "start": {
            "line": 25,
            "column": 2
          },
          "end": {
            "line": 25,
            "column": 3
          }
        },
        "loc": {
          "start": {
            "line": 25,
            "column": 19
          },
          "end": {
            "line": 33,
            "column": 3
          }
        },
        "line": 25
      }
    },
    "branchMap": {},
    "s": {
      "0": 0,
      "1": 0,
      "2": 0,
      "3": 0,
      "4": 0,
      "5": 0,
      "6": 0,
      "7": 0,
      "8": 0,
      "9": 0,
      "10": 0,
      "11": 0,
      "12": 0
    },
    "f": {
      "0": 0,
      "1": 0,
      "2": 0,
      "3": 0,
      "4": 0
    },
    "b": {},
    "_coverageSchema": "1a1c01bbd47fc00a2c39e90264f33305004495a9",
    "hash": "f8de2302b1abbd27ab2fe2baa265891160f88207"
  },
  "/Users/fede/code/grupoafal/frontend-helpers/javascript/src/controllers/tags-controller.js": {
    "path": "/Users/fede/code/grupoafal/frontend-helpers/javascript/src/controllers/tags-controller.js",
    "statementMap": {
      "0": {
        "start": {
          "line": 3,
          "column": 28
        },
        "end": {
          "line": 3,
          "column": 57
        }
      },
      "1": {
        "start": {
          "line": 12,
          "column": 19
        },
        "end": {
          "line": 12,
          "column": 65
        }
      },
      "2": {
        "start": {
          "line": 14,
          "column": 18
        },
        "end": {
          "line": 19,
          "column": 3
        }
      },
      "3": {
        "start": {
          "line": 22,
          "column": 32
        },
        "end": {
          "line": 22,
          "column": 60
        }
      },
      "4": {
        "start": {
          "line": 23,
          "column": 4
        },
        "end": {
          "line": 23,
          "column": 25
        }
      },
      "5": {
        "start": {
          "line": 25,
          "column": 4
        },
        "end": {
          "line": 25,
          "column": 56
        }
      },
      "6": {
        "start": {
          "line": 26,
          "column": 4
        },
        "end": {
          "line": 26,
          "column": 56
        }
      },
      "7": {
        "start": {
          "line": 28,
          "column": 4
        },
        "end": {
          "line": 28,
          "column": 57
        }
      },
      "8": {
        "start": {
          "line": 28,
          "column": 32
        },
        "end": {
          "line": 28,
          "column": 57
        }
      },
      "9": {
        "start": {
          "line": 29,
          "column": 4
        },
        "end": {
          "line": 31,
          "column": 5
        }
      },
      "10": {
        "start": {
          "line": 30,
          "column": 6
        },
        "end": {
          "line": 30,
          "column": 69
        }
      },
      "11": {
        "start": {
          "line": 33,
          "column": 4
        },
        "end": {
          "line": 33,
          "column": 26
        }
      },
      "12": {
        "start": {
          "line": 34,
          "column": 4
        },
        "end": {
          "line": 34,
          "column": 30
        }
      },
      "13": {
        "start": {
          "line": 38,
          "column": 4
        },
        "end": {
          "line": 38,
          "column": 60
        }
      },
      "14": {
        "start": {
          "line": 42,
          "column": 4
        },
        "end": {
          "line": 42,
          "column": 41
        }
      },
      "15": {
        "start": {
          "line": 44,
          "column": 4
        },
        "end": {
          "line": 44,
          "column": 48
        }
      },
      "16": {
        "start": {
          "line": 45,
          "column": 4
        },
        "end": {
          "line": 45,
          "column": 37
        }
      },
      "17": {
        "start": {
          "line": 46,
          "column": 4
        },
        "end": {
          "line": 46,
          "column": 17
        }
      },
      "18": {
        "start": {
          "line": 48,
          "column": 4
        },
        "end": {
          "line": 48,
          "column": 61
        }
      },
      "19": {
        "start": {
          "line": 49,
          "column": 4
        },
        "end": {
          "line": 53,
          "column": 10
        }
      },
      "20": {
        "start": {
          "line": 50,
          "column": 28
        },
        "end": {
          "line": 50,
          "column": 32
        }
      },
      "21": {
        "start": {
          "line": 51,
          "column": 6
        },
        "end": {
          "line": 51,
          "column": 31
        }
      },
      "22": {
        "start": {
          "line": 52,
          "column": 6
        },
        "end": {
          "line": 52,
          "column": 24
        }
      },
      "23": {
        "start": {
          "line": 55,
          "column": 4
        },
        "end": {
          "line": 55,
          "column": 63
        }
      },
      "24": {
        "start": {
          "line": 55,
          "column": 36
        },
        "end": {
          "line": 55,
          "column": 62
        }
      },
      "25": {
        "start": {
          "line": 59,
          "column": 30
        },
        "end": {
          "line": 61,
          "column": 5
        }
      },
      "26": {
        "start": {
          "line": 63,
          "column": 4
        },
        "end": {
          "line": 69,
          "column": 5
        }
      },
      "27": {
        "start": {
          "line": 64,
          "column": 6
        },
        "end": {
          "line": 64,
          "column": 52
        }
      },
      "28": {
        "start": {
          "line": 66,
          "column": 6
        },
        "end": {
          "line": 66,
          "column": 64
        }
      },
      "29": {
        "start": {
          "line": 67,
          "column": 6
        },
        "end": {
          "line": 67,
          "column": 72
        }
      },
      "30": {
        "start": {
          "line": 68,
          "column": 6
        },
        "end": {
          "line": 68,
          "column": 58
        }
      },
      "31": {
        "start": {
          "line": 73,
          "column": 4
        },
        "end": {
          "line": 73,
          "column": 57
        }
      },
      "32": {
        "start": {
          "line": 74,
          "column": 4
        },
        "end": {
          "line": 74,
          "column": 78
        }
      },
      "33": {
        "start": {
          "line": 75,
          "column": 4
        },
        "end": {
          "line": 75,
          "column": 78
        }
      },
      "34": {
        "start": {
          "line": 76,
          "column": 4
        },
        "end": {
          "line": 76,
          "column": 75
        }
      },
      "35": {
        "start": {
          "line": 77,
          "column": 4
        },
        "end": {
          "line": 77,
          "column": 74
        }
      },
      "36": {
        "start": {
          "line": 78,
          "column": 4
        },
        "end": {
          "line": 78,
          "column": 77
        }
      },
      "37": {
        "start": {
          "line": 79,
          "column": 4
        },
        "end": {
          "line": 82,
          "column": 5
        }
      },
      "38": {
        "start": {
          "line": 86,
          "column": 4
        },
        "end": {
          "line": 86,
          "column": 22
        }
      },
      "39": {
        "start": {
          "line": 90,
          "column": 4
        },
        "end": {
          "line": 103,
          "column": 5
        }
      },
      "40": {
        "start": {
          "line": 92,
          "column": 8
        },
        "end": {
          "line": 92,
          "column": 26
        }
      },
      "41": {
        "start": {
          "line": 93,
          "column": 8
        },
        "end": {
          "line": 93,
          "column": 13
        }
      },
      "42": {
        "start": {
          "line": 95,
          "column": 8
        },
        "end": {
          "line": 95,
          "column": 29
        }
      },
      "43": {
        "start": {
          "line": 96,
          "column": 8
        },
        "end": {
          "line": 96,
          "column": 13
        }
      },
      "44": {
        "start": {
          "line": 100,
          "column": 8
        },
        "end": {
          "line": 100,
          "column": 33
        }
      },
      "45": {
        "start": {
          "line": 101,
          "column": 8
        },
        "end": {
          "line": 101,
          "column": 30
        }
      },
      "46": {
        "start": {
          "line": 102,
          "column": 8
        },
        "end": {
          "line": 102,
          "column": 13
        }
      },
      "47": {
        "start": {
          "line": 107,
          "column": 4
        },
        "end": {
          "line": 107,
          "column": 31
        }
      },
      "48": {
        "start": {
          "line": 111,
          "column": 4
        },
        "end": {
          "line": 111,
          "column": 53
        }
      },
      "49": {
        "start": {
          "line": 115,
          "column": 17
        },
        "end": {
          "line": 115,
          "column": 64
        }
      },
      "50": {
        "start": {
          "line": 117,
          "column": 4
        },
        "end": {
          "line": 122,
          "column": 5
        }
      },
      "51": {
        "start": {
          "line": 118,
          "column": 6
        },
        "end": {
          "line": 118,
          "column": 35
        }
      },
      "52": {
        "start": {
          "line": 119,
          "column": 6
        },
        "end": {
          "line": 119,
          "column": 33
        }
      },
      "53": {
        "start": {
          "line": 120,
          "column": 11
        },
        "end": {
          "line": 122,
          "column": 5
        }
      },
      "54": {
        "start": {
          "line": 121,
          "column": 6
        },
        "end": {
          "line": 121,
          "column": 26
        }
      },
      "55": {
        "start": {
          "line": 126,
          "column": 4
        },
        "end": {
          "line": 126,
          "column": 67
        }
      },
      "56": {
        "start": {
          "line": 127,
          "column": 4
        },
        "end": {
          "line": 127,
          "column": 48
        }
      },
      "57": {
        "start": {
          "line": 128,
          "column": 4
        },
        "end": {
          "line": 128,
          "column": 22
        }
      },
      "58": {
        "start": {
          "line": 132,
          "column": 4
        },
        "end": {
          "line": 132,
          "column": 52
        }
      },
      "59": {
        "start": {
          "line": 135,
          "column": 16
        },
        "end": {
          "line": 142,
          "column": 3
        }
      },
      "60": {
        "start": {
          "line": 136,
          "column": 4
        },
        "end": {
          "line": 136,
          "column": 45
        }
      },
      "61": {
        "start": {
          "line": 136,
          "column": 39
        },
        "end": {
          "line": 136,
          "column": 45
        }
      },
      "62": {
        "start": {
          "line": 138,
          "column": 4
        },
        "end": {
          "line": 138,
          "column": 31
        }
      },
      "63": {
        "start": {
          "line": 139,
          "column": 4
        },
        "end": {
          "line": 139,
          "column": 49
        }
      },
      "64": {
        "start": {
          "line": 140,
          "column": 4
        },
        "end": {
          "line": 140,
          "column": 39
        }
      },
      "65": {
        "start": {
          "line": 141,
          "column": 4
        },
        "end": {
          "line": 141,
          "column": 55
        }
      },
      "66": {
        "start": {
          "line": 145,
          "column": 4
        },
        "end": {
          "line": 145,
          "column": 44
        }
      },
      "67": {
        "start": {
          "line": 145,
          "column": 38
        },
        "end": {
          "line": 145,
          "column": 44
        }
      },
      "68": {
        "start": {
          "line": 147,
          "column": 4
        },
        "end": {
          "line": 147,
          "column": 34
        }
      },
      "69": {
        "start": {
          "line": 148,
          "column": 4
        },
        "end": {
          "line": 148,
          "column": 34
        }
      },
      "70": {
        "start": {
          "line": 149,
          "column": 4
        },
        "end": {
          "line": 149,
          "column": 31
        }
      },
      "71": {
        "start": {
          "line": 150,
          "column": 4
        },
        "end": {
          "line": 150,
          "column": 17
        }
      },
      "72": {
        "start": {
          "line": 154,
          "column": 4
        },
        "end": {
          "line": 154,
          "column": 64
        }
      },
      "73": {
        "start": {
          "line": 158,
          "column": 4
        },
        "end": {
          "line": 158,
          "column": 66
        }
      },
      "74": {
        "start": {
          "line": 162,
          "column": 4
        },
        "end": {
          "line": 173,
          "column": 5
        }
      },
      "75": {
        "start": {
          "line": 163,
          "column": 28
        },
        "end": {
          "line": 163,
          "column": 32
        }
      },
      "76": {
        "start": {
          "line": 164,
          "column": 26
        },
        "end": {
          "line": 164,
          "column": 61
        }
      },
      "77": {
        "start": {
          "line": 166,
          "column": 6
        },
        "end": {
          "line": 172,
          "column": 7
        }
      },
      "78": {
        "start": {
          "line": 167,
          "column": 8
        },
        "end": {
          "line": 169,
          "column": 9
        }
      },
      "79": {
        "start": {
          "line": 171,
          "column": 8
        },
        "end": {
          "line": 171,
          "column": 26
        }
      },
      "80": {
        "start": {
          "line": 177,
          "column": 4
        },
        "end": {
          "line": 177,
          "column": 39
        }
      },
      "81": {
        "start": {
          "line": 178,
          "column": 18
        },
        "end": {
          "line": 178,
          "column": 49
        }
      },
      "82": {
        "start": {
          "line": 180,
          "column": 4
        },
        "end": {
          "line": 188,
          "column": 5
        }
      },
      "83": {
        "start": {
          "line": 181,
          "column": 6
        },
        "end": {
          "line": 181,
          "column": 67
        }
      },
      "84": {
        "start": {
          "line": 183,
          "column": 6
        },
        "end": {
          "line": 187,
          "column": 8
        }
      },
      "85": {
        "start": {
          "line": 184,
          "column": 8
        },
        "end": {
          "line": 186,
          "column": 9
        }
      },
      "86": {
        "start": {
          "line": 185,
          "column": 10
        },
        "end": {
          "line": 185,
          "column": 64
        }
      },
      "87": {
        "start": {
          "line": 190,
          "column": 17
        },
        "end": {
          "line": 190,
          "column": 61
        }
      },
      "88": {
        "start": {
          "line": 191,
          "column": 16
        },
        "end": {
          "line": 191,
          "column": 29
        }
      },
      "89": {
        "start": {
          "line": 192,
          "column": 17
        },
        "end": {
          "line": 192,
          "column": 26
        }
      },
      "90": {
        "start": {
          "line": 193,
          "column": 18
        },
        "end": {
          "line": 193,
          "column": 28
        }
      },
      "91": {
        "start": {
          "line": 195,
          "column": 4
        },
        "end": {
          "line": 198,
          "column": 5
        }
      },
      "92": {
        "start": {
          "line": 200,
          "column": 4
        },
        "end": {
          "line": 200,
          "column": 52
        }
      },
      "93": {
        "start": {
          "line": 201,
          "column": 4
        },
        "end": {
          "line": 201,
          "column": 52
        }
      },
      "94": {
        "start": {
          "line": 205,
          "column": 15
        },
        "end": {
          "line": 205,
          "column": 43
        }
      },
      "95": {
        "start": {
          "line": 206,
          "column": 26
        },
        "end": {
          "line": 206,
          "column": 30
        }
      },
      "96": {
        "start": {
          "line": 207,
          "column": 4
        },
        "end": {
          "line": 207,
          "column": 28
        }
      },
      "97": {
        "start": {
          "line": 208,
          "column": 4
        },
        "end": {
          "line": 208,
          "column": 19
        }
      },
      "98": {
        "start": {
          "line": 209,
          "column": 4
        },
        "end": {
          "line": 209,
          "column": 13
        }
      },
      "99": {
        "start": {
          "line": 213,
          "column": 15
        },
        "end": {
          "line": 213,
          "column": 43
        }
      },
      "100": {
        "start": {
          "line": 215,
          "column": 4
        },
        "end": {
          "line": 220,
          "column": 5
        }
      },
      "101": {
        "start": {
          "line": 216,
          "column": 6
        },
        "end": {
          "line": 216,
          "column": 50
        }
      },
      "102": {
        "start": {
          "line": 217,
          "column": 6
        },
        "end": {
          "line": 217,
          "column": 35
        }
      },
      "103": {
        "start": {
          "line": 219,
          "column": 6
        },
        "end": {
          "line": 219,
          "column": 36
        }
      },
      "104": {
        "start": {
          "line": 222,
          "column": 4
        },
        "end": {
          "line": 222,
          "column": 13
        }
      },
      "105": {
        "start": {
          "line": 226,
          "column": 17
        },
        "end": {
          "line": 226,
          "column": 47
        }
      },
      "106": {
        "start": {
          "line": 227,
          "column": 21
        },
        "end": {
          "line": 227,
          "column": 51
        }
      },
      "107": {
        "start": {
          "line": 228,
          "column": 4
        },
        "end": {
          "line": 228,
          "column": 24
        }
      },
      "108": {
        "start": {
          "line": 229,
          "column": 4
        },
        "end": {
          "line": 229,
          "column": 39
        }
      },
      "109": {
        "start": {
          "line": 230,
          "column": 4
        },
        "end": {
          "line": 230,
          "column": 62
        }
      },
      "110": {
        "start": {
          "line": 232,
          "column": 4
        },
        "end": {
          "line": 232,
          "column": 30
        }
      },
      "111": {
        "start": {
          "line": 233,
          "column": 4
        },
        "end": {
          "line": 233,
          "column": 38
        }
      },
      "112": {
        "start": {
          "line": 234,
          "column": 4
        },
        "end": {
          "line": 234,
          "column": 25
        }
      },
      "113": {
        "start": {
          "line": 235,
          "column": 4
        },
        "end": {
          "line": 235,
          "column": 35
        }
      },
      "114": {
        "start": {
          "line": 237,
          "column": 4
        },
        "end": {
          "line": 237,
          "column": 37
        }
      },
      "115": {
        "start": {
          "line": 241,
          "column": 4
        },
        "end": {
          "line": 241,
          "column": 38
        }
      },
      "116": {
        "start": {
          "line": 241,
          "column": 32
        },
        "end": {
          "line": 241,
          "column": 38
        }
      },
      "117": {
        "start": {
          "line": 243,
          "column": 21
        },
        "end": {
          "line": 243,
          "column": 70
        }
      },
      "118": {
        "start": {
          "line": 244,
          "column": 4
        },
        "end": {
[...]
          },
          "end": {
            "line": 69,
            "column": 5
          }
        },
        "type": "if",
        "locations": [
          {
            "start": {
              "line": 63,
              "column": 4
            },
            "end": {
              "line": 69,
              "column": 5
            }
          },
          {
            "start": {
              "line": 63,
              "column": 4
            },
            "end": {
              "line": 69,
              "column": 5
            }
          }
        ],
        "line": 63
      },
      "3": {
        "loc": {
          "start": {
            "line": 90,
            "column": 4
          },
          "end": {
            "line": 103,
            "column": 5
          }
        },
        "type": "switch",
        "locations": [
          {
            "start": {
              "line": 91,
              "column": 6
            },
            "end": {
              "line": 93,
              "column": 13
            }
          },
          {
            "start": {
              "line": 94,
              "column": 6
            },
            "end": {
              "line": 96,
              "column": 13
            }
          },
          {
            "start": {
              "line": 97,
              "column": 6
            },
            "end": {
              "line": 97,
              "column": 17
            }
          },
          {
            "start": {
              "line": 98,
              "column": 6
            },
            "end": {
              "line": 98,
              "column": 19
            }
          },
          {
            "start": {
              "line": 99,
              "column": 6
            },
            "end": {
              "line": 102,
              "column": 13
            }
          }
        ],
        "line": 90
      },
      "4": {
        "loc": {
          "start": {
            "line": 117,
            "column": 4
          },
          "end": {
            "line": 122,
            "column": 5
          }
        },
        "type": "if",
        "locations": [
          {
            "start": {
              "line": 117,
              "column": 4
            },
            "end": {
              "line": 122,
              "column": 5
            }
          },
          {
            "start": {
              "line": 117,
              "column": 4
            },
            "end": {
              "line": 122,
              "column": 5
            }
          }
        ],
        "line": 117
      },
      "5": {
        "loc": {
          "start": {
            "line": 120,
            "column": 11
          },
          "end": {
            "line": 122,
            "column": 5
          }
        },
        "type": "if",
        "locations": [
          {
            "start": {
              "line": 120,
              "column": 11
            },
            "end": {
              "line": 122,
              "column": 5
            }
          },
          {
            "start": {
              "line": 120,
              "column": 11
            },
            "end": {
              "line": 122,
              "column": 5
            }
          }
        ],
        "line": 120
      },
      "6": {
        "loc": {
          "start": {
            "line": 136,
            "column": 4
          },
          "end": {
            "line": 136,
            "column": 45
          }
        },
        "type": "if",
        "locations": [
          {
            "start": {
              "line": 136,
              "column": 4
            },
            "end": {
              "line": 136,
              "column": 45
            }
          },
          {
            "start": {
              "line": 136,
              "column": 4
            },
            "end": {
              "line": 136,
              "column": 45
            }
          }
        ],
        "line": 136
      },
      "7": {
        "loc": {
          "start": {
            "line": 145,
            "column": 4
          },
          "end": {
            "line": 145,
            "column": 44
          }
        },
        "type": "if",
        "locations": [
          {
            "start": {
              "line": 145,
              "column": 4
            },
            "end": {
              "line": 145,
              "column": 44
            }
          },
          {
            "start": {
              "line": 145,
              "column": 4
            },
            "end": {
              "line": 145,
              "column": 44
            }
          }
        ],
        "line": 145
      },
      "8": {
        "loc": {
          "start": {
            "line": 145,
            "column": 8
          },
          "end": {
            "line": 145,
            "column": 36
          }
        },
        "type": "binary-expr",
        "locations": [
          {
            "start": {
              "line": 145,
              "column": 8
            },
            "end": {
              "line": 145,
              "column": 14
            }
          },
          {
            "start": {
              "line": 145,
              "column": 18
            },
            "end": {
              "line": 145,
              "column": 36
            }
          }
        ],
        "line": 145
      },
      "9": {
        "loc": {
          "start": {
            "line": 153,
            "column": 22
          },
          "end": {
            "line": 153,
            "column": 39
          }
        },
        "type": "default-arg",
        "locations": [
          {
            "start": {
              "line": 153,
              "column": 35
            },
            "end": {
              "line": 153,
              "column": 39
            }
          }
        ],
        "line": 153
      },
      "10": {
        "loc": {
          "start": {
            "line": 157,
            "column": 18
          },
          "end": {
            "line": 157,
            "column": 35
          }
        },
        "type": "default-arg",
        "locations": [
          {
            "start": {
              "line": 157,
              "column": 31
            },
            "end": {
              "line": 157,
              "column": 35
            }
          }
        ],
        "line": 157
      },
      "11": {
        "loc": {
          "start": {
            "line": 166,
            "column": 6
          },
          "end": {
            "line": 172,
            "column": 7
          }
        },
        "type": "if",
        "locations": [
          {
            "start": {
              "line": 166,
              "column": 6
            },
            "end": {
              "line": 172,
              "column": 7
            }
          },
          {
            "start": {
              "line": 166,
              "column": 6
            },
            "end": {
              "line": 172,
              "column": 7
            }
          }
        ],
        "line": 166
      },
      "12": {
        "loc": {
          "start": {
            "line": 168,
            "column": 10
          },
          "end": {
            "line": 168,
            "column": 78
          }
        },
        "type": "binary-expr",
        "locations": [
          {
            "start": {
              "line": 168,
              "column": 10
            },
            "end": {
              "line": 168,
              "column": 21
            }
          },
          {
            "start": {
              "line": 168,
              "column": 25
            },
            "end": {
              "line": 168,
              "column": 78
            }
          }
        ],
        "line": 168
      },
      "13": {
        "loc": {
          "start": {
            "line": 176,
            "column": 24
          },
          "end": {
            "line": 176,
            "column": 41
          }
        },
        "type": "default-arg",
        "locations": [
          {
            "start": {
              "line": 176,
              "column": 37
            },
            "end": {
              "line": 176,
              "column": 41
            }
          }
        ],
        "line": 176
      },
      "14": {
        "loc": {
          "start": {
            "line": 180,
            "column": 4
          },
          "end": {
            "line": 188,
            "column": 5
          }
        },
        "type": "if",
        "locations": [
          {
            "start": {
              "line": 180,
              "column": 4
            },
            "end": {
              "line": 188,
              "column": 5
            }
          },
          {
            "start": {
              "line": 180,
              "column": 4
            },
            "end": {
              "line": 188,
              "column": 5
            }
          }
        ],
        "line": 180
      },
      "15": {
        "loc": {
          "start": {
            "line": 184,
            "column": 8
          },
          "end": {
            "line": 186,
            "column": 9
          }
        },
        "type": "if",
        "locations": [
          {
            "start": {
              "line": 184,
              "column": 8
            },
            "end": {
              "line": 186,
              "column": 9
            }
          },
          {
            "start": {
              "line": 184,
              "column": 8
            },
            "end": {
              "line": 186,
              "column": 9
            }
          }
        ],
        "line": 184
      },
      "16": {
        "loc": {
          "start": {
            "line": 215,
            "column": 4
          },
          "end": {
            "line": 220,
            "column": 5
          }
        },
        "type": "if",
        "locations": [
          {
            "start": {
              "line": 215,
              "column": 4
            },
            "end": {
              "line": 220,
              "column": 5
            }
          },
          {
            "start": {
              "line": 215,
              "column": 4
            },
            "end": {
              "line": 220,
              "column": 5
            }
          }
        ],
        "line": 215
      },
      "17": {
        "loc": {
          "start": {
            "line": 215,
            "column": 8
          },
          "end": {
            "line": 215,
            "column": 65
          }
        },
        "type": "binary-expr",
        "locations": [
          {
            "start": {
              "line": 215,
              "column": 8
            },
            "end": {
              "line": 215,
              "column": 26
            }
          },
          {
            "start": {
              "line": 215,
              "column": 30
            },
            "end": {
              "line": 215,
              "column": 40
            }
          },
          {
            "start": {
              "line": 215,
              "column": 44
            },
            "end": {
              "line": 215,
              "column": 65
            }
          }
        ],
        "line": 215
      },
      "18": {
        "loc": {
          "start": {
            "line": 241,
            "column": 4
          },
          "end": {
            "line": 241,
            "column": 38
          }
        },
        "type": "if",
        "locations": [
          {
            "start": {
              "line": 241,
              "column": 4
            },
            "end": {
              "line": 241,
              "column": 38
            }
          },
          {
            "start": {
              "line": 241,
              "column": 4
            },
            "end": {
              "line": 241,
              "column": 38
            }
          }
        ],
        "line": 241
      },
      "19": {
        "loc": {
          "start": {
            "line": 260,
            "column": 4
          },
          "end": {
            "line": 262,
            "column": 5
          }
        },
        "type": "if",
        "locations": [
          {
            "start": {
              "line": 260,
              "column": 4
            },
            "end": {
              "line": 262,
              "column": 5
            }
          },
          {
            "start": {
              "line": 260,
              "column": 4
            },
            "end": {
              "line": 262,
              "column": 5
            }
          }
        ],
        "line": 260
      },
      "20": {
        "loc": {
          "start": {
            "line": 273,
            "column": 4
          },
          "end": {
            "line": 275,
            "column": 5
          }
        },
        "type": "if",
        "locations": [
          {
            "start": {
              "line": 273,
              "column": 4
            },
            "end": {
              "line": 275,
              "column": 5
            }
          },
          {
            "start": {
              "line": 273,
              "column": 4
            },
            "end": {
              "line": 275,
              "column": 5
            }
          }
        ],
        "line": 273
      },
      "21": {
        "loc": {
          "start": {
            "line": 284,
            "column": 4
          },
          "end": {
            "line": 284,
            "column": 40
          }
        },
        "type": "if",
        "locations": [
          {
            "start": {
              "line": 284,
              "column": 4
            },
            "end": {
              "line": 284,
              "column": 40
            }
          },
          {
            "start": {
              "line": 284,
              "column": 4
            },
            "end": {
              "line": 284,
              "column": 40
            }
          }
        ],
        "line": 284
      }
    },
    "s": {
      "0": 19,
      "1": 19,
      "2": 19,
      "3": 38,
      "4": 38,
      "5": 38,
      "6": 38,
      "7": 38,
      "8": 19,
      "9": 38,
      "10": 0,
      "11": 38,
      "12": 38,
      "13": 0,
      "14": 38,
      "15": 38,
      "16": 38,
      "17": 38,
      "18": 38,
      "19": 38,
      "20": 228,
      "21": 228,
      "22": 228,
      "23": 38,
      "24": 19,
      "25": 38,
      "26": 38,
      "27": 0,
      "28": 38,
      "29": 38,
      "30": 38,
      "31": 38,
      "32": 38,
      "33": 38,
      "34": 38,
      "35": 38,
      "36": 38,
      "37": 38,
      "38": 38,
      "39": 50,
      "40": 2,
      "41": 2,
      "42": 2,
      "43": 2,
      "44": 4,
      "45": 4,
      "46": 4,
      "47": 90,
      "48": 42,
      "49": 4,
      "50": 4,
      "51": 2,
      "52": 2,
      "53": 2,
      "54": 2,
      "55": 2,
      "56": 2,
      "57": 2,
      "58": 35,
      "59": 38,
      "60": 79,
      "61": 38,
      "62": 41,
      "63": 41,
      "64": 41,
      "65": 41,
      "66": 39,
      "67": 0,
      "68": 39,
      "69": 39,
      "70": 39,
      "71": 39,
      "72": 4,
      "73": 134,
      "74": 138,
      "75": 826,
      "76": 826,
      "77": 826,
      "78": 274,
      "79": 552,
      "80": 134,
      "81": 134,
      "82": 134,
      "83": 30,
      "84": 104,
      "85": 484,
      "86": 484,
      "87": 134,
      "88": 134,
      "89": 134,
      "90": 134,
      "91": 134,
      "92": 134,
      "93": 134,
      "94": 484,
      "95": 484,
      "96": 484,
      "97": 484,
      "98": 484,
      "99": 30,
      "100": 30,
      "101": 30,
      "102": 30,
      "103": 0,
      "104": 30,
      "105": 58,
      "106": 58,
      "107": 58,
      "108": 58,
      "109": 58,
      "110": 58,
      "111": 58,
      "112": 58,
      "113": 58,
      "114": 58,
      "115": 2,
      "116": 0,
      "117": 2,
      "118": 2,
      "119": 2,
      "120": 60,
      "121": 4,
      "122": 4,
      "123": 4,
      "124": 8,
      "125": 4,
      "126": 81,
      "127": 81,
      "128": 19,
      "129": 81,
      "130": 89,
      "131": 108,
      "132": 108,
      "133": 108,
      "134": 89,
      "135": 108,
      "136": 108,
      "137": 108,
      "138": 228,
      "139": 114,
      "140": 114
    },
    "f": {
      "0": 38,
      "1": 0,
      "2": 38,
      "3": 228,
      "4": 19,
      "5": 38,
      "6": 38,
      "7": 38,
      "8": 50,
      "9": 90,
      "10": 42,
      "11": 4,
      "12": 2,
      "13": 35,
      "14": 79,
      "15": 39,
      "16": 4,
      "17": 134,
      "18": 138,
      "19": 826,
      "20": 134,
      "21": 484,
      "22": 484,
      "23": 30,
      "24": 58,
      "25": 2,
      "26": 60,
      "27": 4,
      "28": 8,
      "29": 81,
      "30": 89,
      "31": 108,
      "32": 228
    },
    "b": {
      "0": [
        19,
        19
      ],
      "1": [
        0,
        38
      ],
      "2": [
        0,
        38
      ],
      "3": [
        2,
        2,
        0,
        2,
        4
      ],
      "4": [
        2,
        2
      ],
      "5": [
        2,
        0
      ],
      "6": [
        38,
        41
      ],
      "7": [
        0,
        39
      ],
      "8": [
        39,
        39
      ],
      "9": [
        0
      ],
      "10": [
        0
      ],
      "11": [
        274,
        552
      ],
      "12": [
        274,
        182
      ],
      "13": [
        92
      ],
      "14": [
        30,
        104
      ],
      "15": [
        484,
        0
      ],
      "16": [
        30,
        0
      ],
      "17": [
        30,
        30,
        30
      ],
      "18": [
        0,
        2
      ],
      "19": [
        19,
        62
      ],
      "20": [
        89,
        19
      ],
      "21": [
        114,
        114
      ]
    },
    "_coverageSchema": "1a1c01bbd47fc00a2c39e90264f33305004495a9",
    "hash": "32b8a5820b212f8d6b6d1d43933b152e5b88bfb2"
  },
  "/Users/fede/code/grupoafal/frontend-helpers/javascript/docs/index.js": {
    "path": "/Users/fede/code/grupoafal/frontend-helpers/javascript/docs/index.js",
    "statementMap": {
      "0": {
        "start": {
          "line": 13,
          "column": 20
        },
        "end": {
          "line": 13,
          "column": 39
        }
      },
      "1": {
        "start": {
          "line": 14,
          "column": 0
        },
        "end": {
          "line": 14,
          "column": 46
        }
      },
      "2": {
        "start": {
          "line": 15,
          "column": 0
        },
        "end": {
          "line": 15,
          "column": 56
        }
      },
      "3": {
        "start": {
          "line": 16,
          "column": 0
        },
        "end": {
          "line": 16,
          "column": 52
        }
      },
      "4": {
        "start": {
          "line": 17,
          "column": 0
        },
        "end": {
          "line": 17,
          "column": 54
        }
      },
      "5": {
        "start": {
          "line": 18,
          "column": 0
        },
        "end": {
          "line": 18,
          "column": 60
        }
      },
      "6": {
        "start": {
          "line": 19,
          "column": 0
        },
        "end": {
          "line": 19,
          "column": 44
        }
      },
      "7": {
        "start": {
          "line": 20,
          "column": 0
        },
        "end": {
          "line": 20,
          "column": 44
        }
      }
    },
    "fnMap": {},
    "branchMap": {},
    "s": {
      "0": 19,
      "1": 19,
      "2": 19,
      "3": 19,
      "4": 19,
      "5": 19,
      "6": 19,
      "7": 19
    },
    "f": {},
    "b": {},
    "_coverageSchema": "1a1c01bbd47fc00a2c39e90264f33305004495a9",
    "hash": "cf3ac4c11784e89109b6d49908c15e4b60ecf0a9"
  }
}